Performing system checks...

System check identified no issues (0 silenced).
December 31, 2023 - 14:08:00
Django version 5.0, using settings 'Sondage.settings'
Starting development server at http://127.0.0.1:8000/
Quit the server with CONTROL-C.

Performing system checks...

System check identified no issues (0 silenced).
December 31, 2023 - 14:35:17
Django version 5.0, using settings 'Sondage.settings'
Starting development server at http://127.0.0.1:8000/
Quit the server with CONTROL-C.

Performing system checks...

System check identified no issues (0 silenced).
December 31, 2023 - 21:25:12
Django version 5.0, using settings 'Sondage.settings'
Starting development server at http://127.0.0.1:8000/
Quit the server with CONTROL-C.

Performing system checks...

System check identified no issues (0 silenced).
December 31, 2023 - 22:56:55
Django version 5.0, using settings 'Sondage.settings'
Starting development server at http://127.0.0.1:8000/
Quit the server with CONTROL-C.

Performing system checks...

System check identified no issues (0 silenced).
December 31, 2023 - 22:57:25
Django version 5.0, using settings 'Sondage.settings'
Starting development server at http://127.0.0.1:8000/
Quit the server with CONTROL-C.

Performing system checks...

Performing system checks...

Performing system checks...

Performing system checks...

Performing system checks...

System check identified no issues (0 silenced).
December 31, 2023 - 23:00:02
Django version 5.0, using settings 'Sondage.settings'
Starting development server at http://127.0.0.1:8000/
Quit the server with CONTROL-C.

Performing system checks...

System check identified no issues (0 silenced).
January 01, 2024 - 00:26:05
Django version 5.0, using settings 'Sondage.settings'
Starting development server at http://127.0.0.1:8000/
Quit the server with CONTROL-C.

Performing system checks...

Performing system checks...

Performing system checks...

Performing system checks...

